TN:
SF:app/layout.js
FN:8,RootLayout
FNF:1
FNH:0
FNDA:0,RootLayout
DA:3,0
DA:9,0
LF:2
LH:0
BRF:0
BRH:0
end_of_record
TN:
SF:app/page.jsx
FN:4,Home
FNF:1
FNH:0
FNDA:0,Home
DA:5,0
LF:1
LH:0
BRF:0
BRH:0
end_of_record
TN:
SF:app/Assets/components/DivisionZeroExampleJest/divisionZero.jsx
FN:1,divide
FNF:1
FNH:1
FNDA:2,divide
DA:2,2
DA:3,1
DA:5,1
DA:8,1
LF:4
LH:4
BRDA:2,0,0,1
BRDA:2,0,1,1
BRF:2
BRH:2
end_of_record
TN:
SF:app/Assets/components/Navbar/navbar.jsx
FN:10,Navbar
FN:13,(anonymous_1)
FN:26,(anonymous_2)
FN:37,(anonymous_3)
FN:48,(anonymous_4)
FNF:5
FNH:0
FNDA:0,Navbar
FNDA:0,(anonymous_1)
FNDA:0,(anonymous_2)
FNDA:0,(anonymous_3)
FNDA:0,(anonymous_4)
DA:11,0
DA:13,0
DA:14,0
DA:17,0
DA:26,0
DA:37,0
DA:48,0
LF:7
LH:0
BRDA:24,0,0,0
BRDA:24,0,1,0
BRDA:35,1,0,0
BRDA:35,1,1,0
BRDA:46,2,0,0
BRDA:46,2,1,0
BRF:6
BRH:0
end_of_record
TN:
SF:app/Assets/components/Topbar/Topbar.jsx
FN:11,Topbar
FNF:1
FNH:0
FNDA:0,Topbar
DA:12,0
LF:1
LH:0
BRF:0
BRH:0
end_of_record
