TN:
SF:app.js
FNF:0
FNH:0
DA:1,1
DA:2,1
DA:3,1
DA:5,1
DA:6,1
DA:7,1
DA:9,1
DA:11,1
LF:8
LH:8
BRF:0
BRH:0
end_of_record
TN:
SF:config/database.js
FNF:0
FNH:0
DA:1,4
DA:2,4
DA:16,4
LF:3
LH:3
BRF:0
BRH:0
end_of_record
TN:
SF:controllers/benefits/benefits.js
FN:3,(anonymous_0)
FN:19,(anonymous_1)
FN:44,(anonymous_2)
FN:65,(anonymous_3)
FNF:4
FNH:4
FNDA:2,(anonymous_0)
FNDA:3,(anonymous_1)
FNDA:3,(anonymous_2)
FNDA:3,(anonymous_3)
DA:1,2
DA:3,2
DA:4,2
DA:5,2
DA:7,2
DA:12,1
DA:14,1
DA:15,1
DA:19,2
DA:20,3
DA:21,3
DA:22,3
DA:33,2
DA:34,1
DA:37,1
DA:39,1
DA:40,1
DA:44,2
DA:45,3
DA:46,3
DA:47,3
DA:49,3
DA:54,2
DA:55,1
DA:58,1
DA:60,1
DA:61,1
DA:65,2
DA:66,3
DA:67,3
DA:69,3
DA:71,2
DA:72,1
DA:75,1
DA:77,1
DA:78,1
LF:36
LH:36
BRDA:33,0,0,1
BRDA:33,0,1,1
BRDA:54,1,0,1
BRDA:54,1,1,1
BRDA:71,2,0,1
BRDA:71,2,1,1
BRF:6
BRH:6
end_of_record
TN:
SF:controllers/customers/customers.js
FN:3,(anonymous_0)
FN:19,(anonymous_1)
FN:29,(anonymous_2)
FN:45,(anonymous_3)
FN:66,(anonymous_4)
FNF:5
FNH:5
FNDA:2,(anonymous_0)
FNDA:2,(anonymous_1)
FNDA:3,(anonymous_2)
FNDA:3,(anonymous_3)
FNDA:3,(anonymous_4)
DA:1,2
DA:3,2
DA:4,2
DA:5,2
DA:7,2
DA:12,1
DA:14,1
DA:15,1
DA:19,2
DA:20,2
DA:21,2
DA:22,1
DA:24,1
DA:25,1
DA:29,2
DA:30,3
DA:31,3
DA:32,3
DA:34,2
DA:35,1
DA:38,1
DA:40,1
DA:41,1
DA:45,2
DA:46,3
DA:47,3
DA:49,3
DA:50,3
DA:55,2
DA:56,1
DA:59,1
DA:61,1
DA:62,1
DA:66,2
DA:67,3
DA:69,3
DA:70,3
DA:72,2
DA:73,1
DA:76,1
DA:78,1
DA:79,1
LF:42
LH:42
BRDA:34,0,0,1
BRDA:34,0,1,1
BRDA:55,1,0,1
BRDA:55,1,1,1
BRDA:72,2,0,1
BRDA:72,2,1,1
BRF:6
BRH:6
end_of_record
TN:
SF:controllers/examples/examples.js
FN:1,(anonymous_0)
FN:8,(anonymous_1)
FN:15,(anonymous_2)
FNF:3
FNH:3
FNDA:1,(anonymous_0)
FNDA:1,(anonymous_1)
FNDA:1,(anonymous_2)
DA:1,1
DA:2,1
DA:3,1
DA:4,1
DA:5,1
DA:8,1
DA:9,1
DA:10,1
DA:11,1
DA:12,1
DA:15,1
DA:16,1
DA:17,1
DA:18,1
LF:14
LH:14
BRF:0
BRH:0
end_of_record
TN:
SF:controllers/invoices/invoices.js
FN:3,(anonymous_0)
FN:42,(anonymous_1)
FN:70,(anonymous_2)
FN:103,(anonymous_3)
FN:141,(anonymous_4)
FN:156,(anonymous_5)
FN:202,(anonymous_6)
FNF:7
FNH:7
FNDA:3,(anonymous_0)
FNDA:4,(anonymous_1)
FNDA:4,(anonymous_2)
FNDA:3,(anonymous_3)
FNDA:1,(anonymous_4)
FNDA:4,(anonymous_5)
FNDA:3,(anonymous_6)
DA:1,2
DA:3,2
DA:4,3
DA:6,3
DA:7,1
DA:10,2
DA:11,2
DA:12,2
DA:14,2
DA:18,1
DA:20,1
DA:25,1
DA:26,2
DA:32,1
DA:33,1
DA:35,1
DA:36,1
DA:38,2
DA:42,2
DA:43,4
DA:44,4
DA:64,3
DA:65,1
DA:68,2
DA:70,2
DA:71,4
DA:72,3
DA:86,4
DA:94,2
DA:96,2
DA:98,1
DA:99,1
DA:103,2
DA:104,3
DA:105,3
DA:106,3
DA:127,2
DA:128,1
DA:131,1
DA:141,1
DA:149,1
DA:151,1
DA:152,1
DA:156,2
DA:157,4
DA:158,4
DA:160,4
DA:161,1
DA:164,3
DA:166,3
DA:167,3
DA:169,3
DA:174,2
DA:175,1
DA:176,1
DA:179,1
DA:184,1
DA:185,1
DA:186,1
DA:192,1
DA:193,1
DA:195,1
DA:196,1
DA:198,3
DA:202,2
DA:203,3
DA:205,3
DA:207,3
DA:208,3
DA:210,3
DA:211,2
DA:213,2
DA:215,2
DA:216,1
DA:217,1
DA:220,1
DA:221,1
DA:223,1
DA:224,1
DA:226,3
LF:80
LH:80
BRDA:6,0,0,1
BRDA:6,0,1,2
BRDA:6,1,0,3
BRDA:6,1,1,3
BRDA:6,1,2,3
BRDA:6,1,3,3
BRDA:6,1,4,3
BRDA:64,2,0,1
BRDA:64,2,1,2
BRDA:71,3,0,3
BRDA:71,3,1,1
BRDA:127,4,0,1
BRDA:127,4,1,1
BRDA:160,5,0,1
BRDA:160,5,1,3
BRDA:160,6,0,4
BRDA:160,6,1,3
BRDA:160,6,2,3
BRDA:160,6,3,3
BRDA:160,6,4,3
BRDA:174,7,0,1
BRDA:174,7,1,1
BRDA:215,8,0,1
BRDA:215,8,1,1
BRF:24
BRH:24
end_of_record
TN:
SF:routes/index.js
FNF:0
FNH:0
DA:1,1
DA:2,1
DA:3,1
DA:4,1
DA:5,1
DA:6,1
DA:7,1
DA:9,1
DA:15,1
DA:17,1
DA:18,1
DA:19,1
DA:20,1
DA:21,1
DA:23,1
DA:24,1
DA:25,1
DA:26,1
DA:28,1
DA:29,1
DA:30,1
DA:31,1
DA:32,1
DA:34,1
DA:35,1
DA:36,1
DA:38,1
LF:27
LH:27
BRF:0
BRH:0
end_of_record
